<?xml version="1.0" encoding="UTF-8"?>
<!-- Generated by org.testng.reporters.JUnitReportReporter -->
<testsuite hostname="DESKTOP-UKO22H1" failures="0" tests="1" name="com.app.SeleniumGridDemo.GridStandaloneDemo" time="30.447" errors="0" timestamp="2023-11-16T15:20:10 IST" skipped="0">
  <testcase classname="com.app.SeleniumGridDemo.GridStandaloneDemo" name="GridDemo1" time="30.447"/>
  <system-out/>
</testsuite> <!-- com.app.SeleniumGridDemo.GridStandaloneDemo -->
