<?xml version="1.0" encoding="UTF-8"?>
<!-- Generated by org.testng.reporters.JUnitReportReporter -->
<testsuite hostname="DESKTOP-UKO22H1" failures="0" tests="4" name="com.app.testNgScripts.ParallelTestDemo" time="90.003" errors="0" timestamp="2023-11-14T21:12:54 IST" skipped="0">
  <testcase classname="com.app.testNgScripts.ParallelTestDemo" name="ninjaPage2" time="27.836"/>
  <system-out/>
  <testcase classname="com.app.testNgScripts.ParallelTestDemo" name="wikiPage1" time="12.288"/>
  <system-out/>
  <testcase classname="com.app.testNgScripts.ParallelTestDemo" name="ninjaPage1" time="44.166"/>
  <system-out/>
  <testcase classname="com.app.testNgScripts.ParallelTestDemo" name="wikiPage2" time="5.713"/>
  <system-out/>
</testsuite> <!-- com.app.testNgScripts.ParallelTestDemo -->
