<?xml version="1.0" encoding="UTF-8"?>
<!-- Generated by org.testng.reporters.JUnitReportReporter -->
<testsuite hostname="DESKTOP-UKO22H1" failures="0" tests="2" name="com.app.TestNG.extentreports.SetUpCheck" time="4.115" errors="0" timestamp="2023-11-15T08:47:28 IST" skipped="0">
  <testcase classname="com.app.TestNG.extentreports.SetUpCheck" name="extentdemo" time="0.274"/>
  <system-out/>
  <testcase classname="com.app.TestNG.extentreports.SetUpCheck" name="extentDemo2" time="3.841"/>
  <system-out/>
</testsuite> <!-- com.app.TestNG.extentreports.SetUpCheck -->
